<?xml version="1.0" encoding="UTF-8"?>
<!-- Generated by org.testng.reporters.JUnitReportReporter -->
<testsuite hostname="DESKTOP-6UC4GUC" failures="0" tests="1" name="scripts._02_TechGlobalTest" time="1.644" errors="0" timestamp="2022-05-29T19:01:32 CDT" skipped="0">
  <testcase classname="scripts._02_TechGlobalTest" name="testHeading" time="1.644"/>
  <system-out/>
</testsuite> <!-- scripts._02_TechGlobalTest -->
