<?xml version="1.0" encoding="UTF-8"?>
<!-- Generated by org.testng.reporters.JUnitReportReporter -->
<testsuite hostname="DESKTOP-6UC4GUC" failures="0" tests="4" name="scripts._03_EtsyTest" time="14.535" errors="0" timestamp="2022-05-29T19:01:32 CDT" skipped="0">
  <testcase classname="scripts._03_EtsyTest" name="testEtsyLogo" time="2.918"/>
  <system-out/>
  <testcase classname="scripts._03_EtsyTest" name="testEtsySearchResult" time="5.663"/>
  <system-out/>
  <testcase classname="scripts._03_EtsyTest" name="testEtsySearch" time="2.887"/>
  <system-out/>
  <testcase classname="scripts._03_EtsyTest" name="testMainHeader" time="3.067"/>
  <system-out/>
</testsuite> <!-- scripts._03_EtsyTest -->
