<?xml version="1.0" encoding="UTF-8"?>
<!-- Generated by org.testng.reporters.JUnitReportReporter -->
<testsuite hostname="DESKTOP-6UC4GUC" failures="0" tests="1" name="scripts._06_RadioButtonTest" time="2.245" errors="0" timestamp="2022-05-29T19:01:32 CDT" skipped="0">
  <testcase classname="scripts._06_RadioButtonTest" name="testFacebookGenderRadioButtons" time="2.245"/>
  <system-out/>
</testsuite> <!-- scripts._06_RadioButtonTest -->
