<?xml version="1.0" encoding="UTF-8"?>
<!-- Generated by org.testng.reporters.JUnitReportReporter -->
<testsuite hostname="DESKTOP-6UC4GUC" failures="0" tests="2" name="scripts._04_GoogleSearchTest" time="7.312" errors="0" timestamp="2022-05-29T19:01:32 CDT" skipped="0">
  <testcase classname="scripts._04_GoogleSearchTest" name="testSearch" time="3.287"/>
  <system-out/>
  <testcase classname="scripts._04_GoogleSearchTest" name="testGoogleStoreLink" time="4.025"/>
  <system-out/>
</testsuite> <!-- scripts._04_GoogleSearchTest -->
